<?xml version="1.0" encoding="UTF-8"?>
<testsuite xmlns:xsi="http://www.w3.org/2001/XMLSchema-instance" xsi:noNamespaceSchemaLocation="https://maven.apache.org/surefire/maven-surefire-plugin/xsd/surefire-test-report-3.0.xsd" version="3.0" name="TestSuite" time="14.761" tests="1" errors="0" skipped="0" failures="0">
  <properties>
[...]
</properties>
  <testcase name="tc0501_increaseQuantityByOneViaEditButton" classname="com.automation.tests.us05.TC0501IncreaseQuantityTest" time="1.052">
    <system-out><![CDATA[[TC0501] Unit price from cart: $269.99
[TC0501] Navigated to EDIT mode. Product page qty: 1
[TC0501] Clicked '+'. Product page qty is now: 2
[TC0501] Cart qty=2 | Price=$539.98 | Expected=$539.98
[TC0501] Screenshot saved: target/screenshots/TC0501\TC0501_PASS_20260413_150107.png
]]></system-out>
    <system-err><![CDATA[SLF4J(W): No SLF4J providers were found.
SLF4J(W): Defaulting to no-operation (NOP) logger implementation
SLF4J(W): See https://www.slf4j.org/codes.html#noProviders for further details.
avr. 13, 2026 3:01:00 P.M. org.openqa.selenium.devtools.CdpVersionFinder findNearestMatch
AVERTISSEMENT: Unable to find CDP implementation matching 147
avr. 13, 2026 3:01:00 P.M. org.openqa.selenium.chromium.ChromiumDriver lambda$new$5
AVERTISSEMENT: Unable to find version of CDP to use for 147.0.7727.56. You may need to include a dependency on a specific version of the CDP using something similar to `org.seleniumhq.selenium:selenium-devtools-v86:4.15.0` where the version ("v86") matches the version of the chromium-based browser you're using and the version number of the artifact is the same as Selenium's.
]]></system-err>
  </testcase>
</testsuite>