<?xml version="1.0" encoding="UTF-8"?>
<testng-results ignored="0" total="1" passed="1" failed="0" skipped="0">
  <reporter-output>
  </reporter-output>
  <suite started-at="2026-04-13T15:00:54 UTC+01:00" name="US5 - Quantity Management Test Suite" finished-at="2026-04-13T15:01:08 UTC+01:00" duration-ms="14072">
    <groups>
    </groups>
    <test started-at="2026-04-13T15:00:54 UTC+01:00" name="US5 Quantity Tests" finished-at="2026-04-13T15:01:08 UTC+01:00" duration-ms="14072">
      <class name="com.automation.tests.us05.TC0501IncreaseQuantityTest">
        <test-method is-config="true" signature="setUpPrecondition()[pri:0, instance:com.automation.tests.us05.TC0501IncreaseQuantityTest@14ec4505]" started-at="2026-04-13T15:00:54 UTC+01:00" name="setUpPrecondition" finished-at="2026-04-13T15:01:06 UTC+01:00" duration-ms="12429" status="PASS">
          <reporter-output>
          </reporter-output>
        </test-method> <!-- setUpPrecondition -->
        <test-method signature="tc0501_increaseQuantityByOneViaEditButton()[pri:0, instance:com.automation.tests.us05.TC0501IncreaseQuantityTest@14ec4505]" started-at="2026-04-13T15:01:06 UTC+01:00" name="tc0501_increaseQuantityByOneViaEditButton" description="TC0501 – Increase product quantity by 1 via EDIT + &#039;+&#039; button" finished-at="2026-04-13T15:01:07 UTC+01:00" duration-ms="1044" status="PASS">
          <reporter-output>
          </reporter-output>
        </test-method> <!-- tc0501_increaseQuantityByOneViaEditButton -->
        <test-method is-config="true" signature="tearDown()[pri:0, instance:com.automation.tests.us05.TC0501IncreaseQuantityTest@14ec4505]" started-at="2026-04-13T15:01:07 UTC+01:00" name="tearDown" finished-at="2026-04-13T15:01:08 UTC+01:00" duration-ms="553" status="PASS">
          <reporter-output>
          </reporter-output>
        </test-method> <!-- tearDown -->
      </class> <!-- com.automation.tests.us05.TC0501IncreaseQuantityTest -->
    </test> <!-- US5 Quantity Tests -->
  </suite> <!-- US5 - Quantity Management Test Suite -->
</testng-results>
