<?xml version="1.0" encoding="UTF-8"?>
<testng-results ignored="0" total="1" passed="1" failed="0" skipped="0">
  <reporter-output>
  </reporter-output>
  <suite started-at="2026-04-10T22:34:21 WEST" name="Surefire suite" finished-at="2026-04-10T22:34:33 WEST" duration-ms="12579">
    <groups>
    </groups>
    <test started-at="2026-04-10T22:34:21 WEST" name="Surefire test" finished-at="2026-04-10T22:34:33 WEST" duration-ms="12579">
      <class name="com.automation.tests.TC0501IncreaseQuantityTest">
        <test-method is-config="true" signature="setUpPrecondition()[pri:0, instance:com.automation.tests.TC0501IncreaseQuantityTest@1b083826]" started-at="2026-04-10T22:34:21 WEST" name="setUpPrecondition" finished-at="2026-04-10T22:34:31 WEST" duration-ms="10467" status="PASS">
          <reporter-output>
          </reporter-output>
        </test-method> <!-- setUpPrecondition -->
        <test-method signature="tc0501_increaseQuantityByOneViaEditButton()[pri:0, instance:com.automation.tests.TC0501IncreaseQuantityTest@1b083826]" started-at="2026-04-10T22:34:31 WEST" name="tc0501_increaseQuantityByOneViaEditButton" description="TC0501 – Increase product quantity by 1 via EDIT + &#039;+&#039; button" finished-at="2026-04-10T22:34:33 WEST" duration-ms="1601" status="PASS">
          <reporter-output>
          </reporter-output>
        </test-method> <!-- tc0501_increaseQuantityByOneViaEditButton -->
        <test-method is-config="true" signature="tearDown()[pri:0, instance:com.automation.tests.TC0501IncreaseQuantityTest@1b083826]" started-at="2026-04-10T22:34:33 WEST" name="tearDown" finished-at="2026-04-10T22:34:33 WEST" duration-ms="460" status="PASS">
          <reporter-output>
          </reporter-output>
        </test-method> <!-- tearDown -->
      </class> <!-- com.automation.tests.TC0501IncreaseQuantityTest -->
    </test> <!-- Surefire test -->
  </suite> <!-- Surefire suite -->
</testng-results>
