<?xml version="1.0" encoding="UTF-8"?>
<!-- Generated by org.testng.reporters.JUnitReportReporter -->
<testsuite hostname="LMA-5CD549D825" failures="0" tests="1" name="com.automation.tests.TC0501IncreaseQuantityTest" time="12.528" errors="0" timestamp="2026-04-10T22:34:33 WEST" skipped="0">
  <testcase classname="com.automation.tests.TC0501IncreaseQuantityTest" name="tc0501_increaseQuantityByOneViaEditButton" time="12.528"/>
  <system-out/>
</testsuite> <!-- com.automation.tests.TC0501IncreaseQuantityTest -->
