<?xml version="1.0" encoding="UTF-8"?>
<!-- Generated by org.testng.reporters.JUnitReportReporter -->
<testsuite hostname="LMA-5CD549D80S" failures="0" tests="1" name="com.automation.tests.us05.TC0501IncreaseQuantityTest" time="14.026" errors="0" timestamp="2026-04-13T15:01:08 UTC+01:00" skipped="0">
  <testcase classname="com.automation.tests.us05.TC0501IncreaseQuantityTest" name="tc0501_increaseQuantityByOneViaEditButton" time="14.026"/>
  <system-out/>
</testsuite> <!-- com.automation.tests.us05.TC0501IncreaseQuantityTest -->
